int -> (-1, -1)
identifier -> (20, 0)
; -> (-1, -1)
bool -> (-1, -1)
identifier -> (29, 0)
= -> (-1, -1)
true -> (-1, -1)
; -> (-1, -1)
read -> (-1, -1)
( -> (-1, -1)
identifier -> (20, 0)
) -> (-1, -1)
; -> (-1, -1)
if -> (-1, -1)
( -> (-1, -1)
identifier -> (20, 0)
< -> (-1, -1)
int const -> (2, 0)
or -> (-1, -1)
identifier -> (20, 0)
> -> (-1, -1)
int const -> (2, 0)
and -> (-1, -1)
identifier -> (20, 0)
% -> (-1, -1)
int const -> (2, 0)
== -> (-1, -1)
int const -> (0, 0)
) -> (-1, -1)
{ -> (-1, -1)
identifier -> (29, 0)
= -> (-1, -1)
false -> (-1, -1)
; -> (-1, -1)
} -> (-1, -1)
int -> (-1, -1)
identifier -> (0, 0)
= -> (-1, -1)
int const -> (3, 0)
; -> (-1, -1)
while -> (-1, -1)
( -> (-1, -1)
identifier -> (0, 0)
* -> (-1, -1)
identifier -> (0, 0)
< -> (-1, -1)
= -> (-1, -1)
identifier -> (20, 0)
) -> (-1, -1)
{ -> (-1, -1)
if -> (-1, -1)
( -> (-1, -1)
identifier -> (20, 0)
% -> (-1, -1)
identifier -> (0, 0)
== -> (-1, -1)
int const -> (0, 0)
) -> (-1, -1)
{ -> (-1, -1)
identifier -> (29, 0)
= -> (-1, -1)
false -> (-1, -1)
; -> (-1, -1)
} -> (-1, -1)
identifier -> (0, 0)
= -> (-1, -1)
identifier -> (0, 0)
+ -> (-1, -1)
int const -> (2, 0)
; -> (-1, -1)
} -> (-1, -1)
write -> (-1, -1)
( -> (-1, -1)
identifier -> (29, 0)
) -> (-1, -1)
; -> (-1, -1)
