int -> (-1, -1)
identifier -> (20, 0)
; -> (-1, -1)
identifier -> (28, 0)
identifier -> (29, 0)
= -> (-1, -1)
identifier -> (48, 0)
; -> (-1, -1)
read -> (-1, -1)
( -> (-1, -1)
identifier -> (20, 0)
) -> (-1, -1)
; -> (-1, -1)
if -> (-1, -1)
( -> (-1, -1)
identifier -> (20, 0)
< -> (-1, -1)
int const -> (2, 0)
identifier -> (25, 0)
identifier -> (20, 0)
> -> (-1, -1)
int const -> (2, 0)
identifier -> (7, 0)
identifier -> (20, 0)
% -> (-1, -1)
int const -> (2, 0)
== -> (-1, -1)
int const -> (0, 0)
) -> (-1, -1)
{ -> (-1, -1)
identifier -> (29, 0)
= -> (-1, -1)
identifier -> (23, 0)
; -> (-1, -1)
} -> (-1, -1)
identifier -> (27, 0)
( -> (-1, -1)
int -> (-1, -1)
identifier -> (0, 0)
= -> (-1, -1)
int const -> (3, 0)
; -> (-1, -1)
identifier -> (0, 0)
* -> (-1, -1)
identifier -> (0, 0)
< -> (-1, -1)
= -> (-1, -1)
identifier -> (20, 0)
; -> (-1, -1)
identifier -> (0, 0)
+ -> (-1, -1)
= -> (-1, -1)
int const -> (2, 0)
) -> (-1, -1)
{ -> (-1, -1)
if -> (-1, -1)
( -> (-1, -1)
identifier -> (20, 0)
% -> (-1, -1)
identifier -> (0, 0)
== -> (-1, -1)
int const -> (0, 0)
) -> (-1, -1)
{ -> (-1, -1)
identifier -> (29, 0)
= -> (-1, -1)
identifier -> (23, 0)
; -> (-1, -1)
identifier -> (17, 0)
; -> (-1, -1)
} -> (-1, -1)
} -> (-1, -1)
identifier -> (57, 0)
( -> (-1, -1)
identifier -> (29, 0)
) -> (-1, -1)
; -> (-1, -1)
