identifier -> (64, 0)
= -> (-1, -1)
list -> (-1, -1)
; -> (-1, -1)
int -> (-1, -1)
identifier -> (20, 0)
, -> (-1, -1)
identifier -> (10, 0)
; -> (-1, -1)
int -> (-1, -1)
identifier -> (41, 0)
= -> (-1, -1)
int const -> (0, 0)
, -> (-1, -1)
identifier -> (53, 0)
= -> (-1, -1)
int const -> (0, 0)
; -> (-1, -1)
write -> (-1, -1)
( -> (-1, -1)
string const -> (85, 0)
) -> (-1, -1)
read -> (-1, -1)
( -> (-1, -1)
identifier -> (10, 0)
) -> (-1, -1)
; -> (-1, -1)
while -> (-1, -1)
( -> (-1, -1)
identifier -> (53, 0)
< -> (-1, -1)
identifier -> (10, 0)
) -> (-1, -1)
{ -> (-1, -1)
read -> (-1, -1)
( -> (-1, -1)
identifier -> (20, 0)
) -> (-1, -1)
; -> (-1, -1)
identifier -> (64, 0)
.append -> (-1, -1)
( -> (-1, -1)
identifier -> (20, 0)
) -> (-1, -1)
; -> (-1, -1)
identifier -> (53, 0)
= -> (-1, -1)
identifier -> (53, 0)
+ -> (-1, -1)
int const -> (1, 0)
; -> (-1, -1)
} -> (-1, -1)
int -> (-1, -1)
identifier -> (36, 0)
= -> (-1, -1)
int const -> (0, 0)
; -> (-1, -1)
while -> (-1, -1)
( -> (-1, -1)
identifier -> (36, 0)
< -> (-1, -1)
identifier -> (64, 0)
.size -> (-1, -1)
( -> (-1, -1)
) -> (-1, -1)
) -> (-1, -1)
{ -> (-1, -1)
identifier -> (41, 0)
= -> (-1, -1)
identifier -> (41, 0)
+ -> (-1, -1)
identifier -> (64, 0)
[ -> (-1, -1)
identifier -> (5, 0)
] -> (-1, -1)
; -> (-1, -1)
identifier -> (36, 0)
= -> (-1, -1)
identifier -> (36, 0)
+ -> (-1, -1)
int const -> (1, 0)
; -> (-1, -1)
} -> (-1, -1)
write -> (-1, -1)
( -> (-1, -1)
identifier -> (41, 0)
) -> (-1, -1)
; -> (-1, -1)
